<?xml version="1.0" encoding="UTF-8"?>
<TestRun id="eed36b7c-b9eb-46f1-9408-1294ac0485ca" name="stephen.godbold@PENNYWISE-PC 2009-01-26 21:36:40" runUser="PENNYWISE-PC\stephen.godbold" xmlns="http://microsoft.com/schemas/VisualStudio/TeamTest/2006">
  <TestRunConfiguration name="Local Test Run" id="609e5987-3eed-4b67-91e3-88459f96de17">
    <Description>This is a default test run configuration for a local test run.</Description>
    <Deployment runDeploymentRoot="C:\Users\stephen.godbold\Documents\Dev\CommunityCalender\TestResults\stephen.godbold_PENNYWISE-PC 2009-01-26 21_36_40">
      <DeploymentItem filename="C:\Users\stephen.godbold\Documents\Dev\CommunityCalender\CommunityCalender\bin\Debug\CommunityCalender.dll" />
    </Deployment>
    <TestTypeSpecific />
  </TestRunConfiguration>
  <ResultSummary outcome="Warning">
    <Counters total="1" executed="1" passed="1" error="0" failed="0" timeout="0" aborted="0" inconclusive="0" passedButRunAborted="0" notRunnable="0" notExecuted="0" disconnected="0" warning="0" completed="0" inProgress="0" pending="0" />
    <RunInfos>
      <RunInfo computerName="PENNYWISE-PC" outcome="Warning" timestamp="2009-01-26T21:36:42.9630187+11:00">
        <Text>Warning: Test Run deployment issue: The assembly or module 'System.Windows' directly or indirectly referenced by the test container 'c:\users\stephen.godbold\documents\dev\communitycalender\communitycalender.tests\bin\debug\communitycalender.tests.dll' was not found.</Text>
      </RunInfo>
      <RunInfo computerName="PENNYWISE-PC" outcome="Warning" timestamp="2009-01-26T21:36:42.9630187+11:00">
        <Text>Warning: Test Run deployment issue: The assembly or module 'System.Core' directly or indirectly referenced by the test container 'c:\users\stephen.godbold\documents\dev\communitycalender\communitycalender.tests\bin\debug\communitycalender.tests.dll' was not found.</Text>
      </RunInfo>
      <RunInfo computerName="PENNYWISE-PC" outcome="Warning" timestamp="2009-01-26T21:36:42.9630187+11:00">
        <Text>Warning: Test Run deployment issue: The assembly or module 'System.Windows.Browser' directly or indirectly referenced by the test container 'c:\users\stephen.godbold\documents\dev\communitycalender\communitycalender.tests\bin\debug\communitycalender.tests.dll' was not found.</Text>
      </RunInfo>
      <RunInfo computerName="PENNYWISE-PC" outcome="Warning" timestamp="2009-01-26T21:36:42.9630187+11:00">
        <Text>Warning: Test Run deployment issue: The assembly or module 'System' directly or indirectly referenced by the test container 'c:\users\stephen.godbold\documents\dev\communitycalender\communitycalender.tests\bin\debug\communitycalender.tests.dll' was not found.</Text>
      </RunInfo>
    </RunInfos>
  </ResultSummary>
  <Times creation="2009-01-26T21:36:40.9692381+11:00" queuing="2009-01-26T21:36:45.6280597+11:00" start="2009-01-26T21:36:46.0093155+11:00" finish="2009-01-26T21:36:47.2268342+11:00" />
  <TestDefinitions>
    <UnitTest name="Set_Month_Returns_Correct_Month" storage="c:\users\stephen.godbold\documents\dev\communitycalender\communitycalender.tests\bin\debug\communitycalender.tests.dll" id="1497d6ff-7e2b-e074-65d7-6055f8708300">
      <Css projectStructure="" iteration="" />
      <Owners>
        <Owner name="" />
      </Owners>
      <Execution id="d045aacf-6f2d-4803-a110-ae9ab8c89821" />
      <TestMethod codeBase="C:\Users\stephen.godbold\Documents\Dev\CommunityCalender\CommunityCalender.Tests\bin\Debug\CommunityCalender.Tests.dll" adapterTypeName="Microsoft.VisualStudio.TestTools.TestTypes.Unit.UnitTestAdapter, Microsoft.VisualStudio.QualityTools.Tips.UnitTest.Adapter, Version=9.0.0.0, Culture=neutral, PublicKeyToken=b03f5f7f11d50a3a" className="CommunityCalender.Tests.MonthViewModelTests, CommunityCalender.Tests" name="Set_Month_Returns_Correct_Month" />
    </UnitTest>
  </TestDefinitions>
  <TestLists>
    <TestList name="Results Not in a List" id="8c84fa94-04c1-424b-9868-57a2d4851a1d" />
    <TestList name="All Loaded Results" id="19431567-8539-422a-85d7-44ee4e166bda" />
  </TestLists>
  <TestEntries>
    <TestEntry testId="1497d6ff-7e2b-e074-65d7-6055f8708300" executionId="d045aacf-6f2d-4803-a110-ae9ab8c89821" testListId="8c84fa94-04c1-424b-9868-57a2d4851a1d" />
  </TestEntries>
  <Results>
    <UnitTestResult executionId="d045aacf-6f2d-4803-a110-ae9ab8c89821" testId="1497d6ff-7e2b-e074-65d7-6055f8708300" testName="Set_Month_Returns_Correct_Month" computerName="PENNYWISE-PC" duration="00:00:00.1084049" startTime="2009-01-26T21:36:46.1918183+11:00" endTime="2009-01-26T21:36:46.9880806+11:00" testType="13cdc9d9-ddb5-4fa4-a97d-d965ccfc6d4b" outcome="Passed" testListId="8c84fa94-04c1-424b-9868-57a2d4851a1d">
      <Output>
      </Output>
    </UnitTestResult>
  </Results>
</TestRun>